<?xml version="1.0" encoding="UTF-8"?>
<!-- Generated by org.testng.reporters.JUnitReportReporter -->
<testsuite hostname="DESKTOP-T3FF633" failures="0" tests="1" name="testngexample.Testng_example" time="0.016" errors="0" timestamp="2022-01-25T13:43:21 IST" skipped="0">
  <testcase classname="testngexample.Testng_example" name="mobiletest" time="0.016"/>
  <system-out/>
</testsuite> <!-- testngexample.Testng_example -->
